<?xml version="1.0" encoding="UTF-8"?>
<testsuite xmlns:xsi="http://www.w3.org/2001/XMLSchema-instance" xsi:noNamespaceSchemaLocation="https://maven.apache.org/surefire/maven-surefire-plugin/xsd/surefire-test-report-3.0.xsd" version="3.0" name="com.example.PathCoverageTests" time="0.183" tests="19" errors="0" skipped="0" failures="0">
  <properties>
[...]
</properties>
  <testcase name="deposit_path5_suspendedValid" classname="com.example.PathCoverageTests" time="0.065"/>
  <testcase name="edgePath_depositMaxValue" classname="com.example.PathCoverageTests" time="0.003"/>
  <testcase name="compoundPath_multipleFailures" classname="com.example.PathCoverageTests" time="0.009"/>
  <testcase name="deposit_path3_zeroAmount" classname="com.example.PathCoverageTests" time="0.002"/>
  <testcase name="withdraw_path3_unverifiedAccount" classname="com.example.PathCoverageTests" time="0.005"/>
  <testcase name="transfer_path1_suspendedAccount" classname="com.example.PathCoverageTests" time="0.004"/>
  <testcase name="withdraw_path6_exactBalance" classname="com.example.PathCoverageTests" time="0.004"/>
  <testcase name="withdraw_path5_validWithdraw" classname="com.example.PathCoverageTests" time="0.003"/>
  <testcase name="deposit_path2_negativeAmount" classname="com.example.PathCoverageTests" time="0.001"/>
  <testcase name="compoundPath_depositThenWithdraw" classname="com.example.PathCoverageTests" time="0.002"/>
  <testcase name="deposit_path4_validDeposit" classname="com.example.PathCoverageTests" time="0.001"/>
  <testcase name="transfer_path3_validTransfer" classname="com.example.PathCoverageTests" time="0.004"/>
  <testcase name="deposit_path1_closedAccount" classname="com.example.PathCoverageTests" time="0.001"/>
  <testcase name="withdraw_path1_suspendedAccount" classname="com.example.PathCoverageTests" time="0.001"/>
  <testcase name="edgePath_rapidStateChanges" classname="com.example.PathCoverageTests" time="0.001"/>
  <testcase name="withdraw_path4_overdraft" classname="com.example.PathCoverageTests" time="0.001"/>
  <testcase name="withdraw_path2_closedAccount" classname="com.example.PathCoverageTests" time="0.001"/>
  <testcase name="compoundPath_stateTransitionAndOperations" classname="com.example.PathCoverageTests" time="0.001"/>
  <testcase name="transfer_path2_overdraft" classname="com.example.PathCoverageTests" time="0.001"/>
</testsuite>